Personel/watermark/app/build/intermediates/manifest_merge_blame_file/debug/processDebugMainManifest/manifest-merger-blame-debug-report.txt
1<?xml version="1.0" encoding="utf-8"?>
2<manifest xmlns:android="http://schemas.android.com/apk/res/android"
3    package="com.beforeafter.photomaker"
4    android:versionCode="1"
5    android:versionName="1.0.0" >
6
7    <uses-sdk
8        android:minSdkVersion="26"
9        android:targetSdkVersion="35" />
10
11    <uses-permission android:name="android.permission.INTERNET" />
11-->src\main\AndroidManifest.xml:5:5-67
11-->src\main\AndroidManifest.xml:5:22-64
12    <uses-permission android:name="android.permission.ACCESS_NETWORK_STATE" />
12-->[com.google.android.gms:play-services-ads-lite:23.6.0] AndroidManifest.xml:25:5-79
12-->[com.google.android.gms:play-services-ads-lite:23.6.0] AndroidManifest.xml:25:22-76
13    <uses-permission android:name="com.google.android.gms.permission.AD_ID" />
13-->[com.google.android.gms:play-services-ads-lite:23.6.0] AndroidManifest.xml:26:5-79
13-->[com.google.android.gms:play-services-ads-lite:23.6.0] AndroidManifest.xml:26:22-76
14    <uses-permission android:name="android.permission.ACCESS_ADSERVICES_AD_ID" />
14-->[com.google.android.gms:play-services-ads-lite:23.6.0] AndroidManifest.xml:27:5-82
14-->[com.google.android.gms:play-services-ads-lite:23.6.0] AndroidManifest.xml:27:22-79
15    <uses-permission android:name="android.permission.ACCESS_ADSERVICES_ATTRIBUTION" />
15-->[com.google.android.gms:play-services-ads-lite:23.6.0] AndroidManifest.xml:28:5-88
15-->[com.google.android.gms:play-services-ads-lite:23.6.0] AndroidManifest.xml:28:22-85
16    <uses-permission android:name="android.permission.ACCESS_ADSERVICES_TOPICS" /> <!-- Android package visibility setting -->
16-->[com.google.android.gms:play-services-ads-lite:23.6.0] AndroidManifest.xml:29:5-83
16-->[com.google.android.gms:play-services-ads-lite:23.6.0] AndroidManifest.xml:29:22-80
17    <queries>
17-->[com.google.android.gms:play-services-ads-lite:23.6.0] AndroidManifest.xml:35:5-68:15
18
19        <!-- For browser content -->
20        <intent>
20-->[com.google.android.gms:play-services-ads-lite:23.6.0] AndroidManifest.xml:38:9-44:18
21            <action android:name="android.intent.action.VIEW" />
21-->[com.google.android.gms:play-services-ads-lite:23.6.0] AndroidManifest.xml:39:13-65
21-->[com.google.android.gms:play-services-ads-lite:23.6.0] AndroidManifest.xml:39:21-62
22
23            <category android:name="android.intent.category.BROWSABLE" />
23-->[com.google.android.gms:play-services-ads-lite:23.6.0] AndroidManifest.xml:41:13-74
23-->[com.google.android.gms:play-services-ads-lite:23.6.0] AndroidManifest.xml:41:23-71
24
25            <data android:scheme="https" />
25-->[com.google.android.gms:play-services-ads-lite:23.6.0] AndroidManifest.xml:43:13-44
25-->[com.google.android.gms:play-services-ads-lite:23.6.0] AndroidManifest.xml:43:19-41
26        </intent>
27        <!-- End of browser content -->
28        <!-- For CustomTabsService -->
29        <intent>
29-->[com.google.android.gms:play-services-ads-lite:23.6.0] AndroidManifest.xml:47:9-49:18
30            <action android:name="android.support.customtabs.action.CustomTabsService" />
30-->[com.google.android.gms:play-services-ads-lite:23.6.0] AndroidManifest.xml:48:13-90
30-->[com.google.android.gms:play-services-ads-lite:23.6.0] AndroidManifest.xml:48:21-87
31        </intent>
32        <!-- End of CustomTabsService -->
33        <!-- For MRAID capabilities -->
34        <intent>
34-->[com.google.android.gms:play-services-ads-lite:23.6.0] AndroidManifest.xml:52:9-56:18
35            <action android:name="android.intent.action.INSERT" />
35-->[com.google.android.gms:play-services-ads-lite:23.6.0] AndroidManifest.xml:53:13-67
35-->[com.google.android.gms:play-services-ads-lite:23.6.0] AndroidManifest.xml:53:21-64
36
37            <data android:mimeType="vnd.android.cursor.dir/event" />
37-->[com.google.android.gms:play-services-ads-lite:23.6.0] AndroidManifest.xml:43:13-44
38        </intent>
39        <intent>
39-->[com.google.android.gms:play-services-ads-lite:23.6.0] AndroidManifest.xml:57:9-61:18
40            <action android:name="android.intent.action.VIEW" />
40-->[com.google.android.gms:play-services-ads-lite:23.6.0] AndroidManifest.xml:39:13-65
40-->[com.google.android.gms:play-services-ads-lite:23.6.0] AndroidManifest.xml:39:21-62
41
42            <data android:scheme="sms" />
42-->[com.google.android.gms:play-services-ads-lite:23.6.0] AndroidManifest.xml:43:13-44
42-->[com.google.android.gms:play-services-ads-lite:23.6.0] AndroidManifest.xml:43:19-41
43        </intent>
44        <intent>
44-->[com.google.android.gms:play-services-ads-lite:23.6.0] AndroidManifest.xml:62:9-66:18
45            <action android:name="android.intent.action.DIAL" />
45-->[com.google.android.gms:play-services-ads-lite:23.6.0] AndroidManifest.xml:63:13-65
45-->[com.google.android.gms:play-services-ads-lite:23.6.0] AndroidManifest.xml:63:21-62
46
47            <data android:path="tel:" />
47-->[com.google.android.gms:play-services-ads-lite:23.6.0] AndroidManifest.xml:43:13-44
48        </intent>
49        <!-- End of MRAID capabilities -->
50    </queries>
51
52    <uses-permission android:name="android.permission.WAKE_LOCK" />
52-->[com.google.android.gms:play-services-measurement:22.1.2] AndroidManifest.xml:25:5-68
52-->[com.google.android.gms:play-services-measurement:22.1.2] AndroidManifest.xml:25:22-65
53    <uses-permission android:name="com.google.android.finsky.permission.BIND_GET_INSTALL_REFERRER_SERVICE" />
53-->[com.google.android.gms:play-services-measurement:22.1.2] AndroidManifest.xml:26:5-110
53-->[com.google.android.gms:play-services-measurement:22.1.2] AndroidManifest.xml:26:22-107
54    <uses-permission android:name="android.permission.FOREGROUND_SERVICE" />
54-->[androidx.work:work-runtime:2.7.0] AndroidManifest.xml:28:5-77
54-->[androidx.work:work-runtime:2.7.0] AndroidManifest.xml:28:22-74
55
56    <permission
56-->[androidx.core:core:1.15.0] AndroidManifest.xml:22:5-24:47
57        android:name="com.beforeafter.photomaker.DYNAMIC_RECEIVER_NOT_EXPORTED_PERMISSION"
57-->[androidx.core:core:1.15.0] AndroidManifest.xml:23:9-81
58        android:protectionLevel="signature" />
58-->[androidx.core:core:1.15.0] AndroidManifest.xml:24:9-44
59
60    <uses-permission android:name="com.beforeafter.photomaker.DYNAMIC_RECEIVER_NOT_EXPORTED_PERMISSION" />
60-->[androidx.core:core:1.15.0] AndroidManifest.xml:26:5-97
60-->[androidx.core:core:1.15.0] AndroidManifest.xml:26:22-94
61
62    <application
62-->src\main\AndroidManifest.xml:7:5-35:19
63        android:allowBackup="true"
63-->src\main\AndroidManifest.xml:8:9-35
64        android:appComponentFactory="androidx.core.app.CoreComponentFactory"
64-->[androidx.core:core:1.15.0] AndroidManifest.xml:28:18-86
65        android:debuggable="true"
66        android:extractNativeLibs="false"
67        android:icon="@drawable/ic_launcher"
67-->src\main\AndroidManifest.xml:9:9-45
68        android:label="@string/app_name"
68-->src\main\AndroidManifest.xml:10:9-41
69        android:roundIcon="@drawable/ic_launcher"
69-->src\main\AndroidManifest.xml:11:9-50
70        android:supportsRtl="true"
70-->src\main\AndroidManifest.xml:12:9-35
71        android:theme="@style/Theme.BeforeAfterPhotoMaker" >
71-->src\main\AndroidManifest.xml:13:9-59
72
73        <!-- AdMob App ID: 출시 전 실제 ID로 교체 -->
74        <meta-data
74-->src\main\AndroidManifest.xml:16:9-18:70
75            android:name="com.google.android.gms.ads.APPLICATION_ID"
75-->src\main\AndroidManifest.xml:17:13-69
76            android:value="ca-app-pub-3940256099942544~3347511713" />
76-->src\main\AndroidManifest.xml:18:13-67
77
78        <!-- AdMob/Firebase AD_SERVICES_CONFIG 충돌 해결 -->
79        <property
79-->src\main\AndroidManifest.xml:21:9-24:48
80            android:name="android.adservices.AD_SERVICES_CONFIG"
80-->src\main\AndroidManifest.xml:22:13-65
81            android:resource="@xml/gma_ad_services_config" />
81-->src\main\AndroidManifest.xml:23:13-59
82
83        <activity
83-->src\main\AndroidManifest.xml:26:9-34:20
84            android:name="com.beforeafter.photomaker.MainActivity"
84-->src\main\AndroidManifest.xml:27:13-41
85            android:exported="true"
85-->src\main\AndroidManifest.xml:28:13-36
86            android:windowSoftInputMode="adjustResize" >
86-->src\main\AndroidManifest.xml:29:13-55
87            <intent-filter>
87-->src\main\AndroidManifest.xml:30:13-33:29
88                <action android:name="android.intent.action.MAIN" />
88-->src\main\AndroidManifest.xml:31:17-69
88-->src\main\AndroidManifest.xml:31:25-66
89
90                <category android:name="android.intent.category.LAUNCHER" />
90-->src\main\AndroidManifest.xml:32:17-77
90-->src\main\AndroidManifest.xml:32:27-74
91            </intent-filter>
92        </activity>
93        <!-- Include the AdActivity and InAppPurchaseActivity configChanges and themes. -->
94        <activity
94-->[com.google.android.gms:play-services-ads-lite:23.6.0] AndroidManifest.xml:73:9-78:43
95            android:name="com.google.android.gms.ads.AdActivity"
95-->[com.google.android.gms:play-services-ads-lite:23.6.0] AndroidManifest.xml:74:13-65
96            android:configChanges="keyboard|keyboardHidden|orientation|screenLayout|uiMode|screenSize|smallestScreenSize"
96-->[com.google.android.gms:play-services-ads-lite:23.6.0] AndroidManifest.xml:75:13-122
97            android:exported="false"
97-->[com.google.android.gms:play-services-ads-lite:23.6.0] AndroidManifest.xml:76:13-37
98            android:theme="@android:style/Theme.Translucent" />
98-->[com.google.android.gms:play-services-ads-lite:23.6.0] AndroidManifest.xml:77:13-61
99
100        <provider
100-->[com.google.android.gms:play-services-ads-lite:23.6.0] AndroidManifest.xml:80:9-85:43
101            android:name="com.google.android.gms.ads.MobileAdsInitProvider"
101-->[com.google.android.gms:play-services-ads-lite:23.6.0] AndroidManifest.xml:81:13-76
102            android:authorities="com.beforeafter.photomaker.mobileadsinitprovider"
102-->[com.google.android.gms:play-services-ads-lite:23.6.0] AndroidManifest.xml:82:13-73
103            android:exported="false"
103-->[com.google.android.gms:play-services-ads-lite:23.6.0] AndroidManifest.xml:83:13-37
104            android:initOrder="100" />
104-->[com.google.android.gms:play-services-ads-lite:23.6.0] AndroidManifest.xml:84:13-36
105
106        <service
106-->[com.google.android.gms:play-services-ads-lite:23.6.0] AndroidManifest.xml:87:9-91:43
107            android:name="com.google.android.gms.ads.AdService"
107-->[com.google.android.gms:play-services-ads-lite:23.6.0] AndroidManifest.xml:88:13-64
108            android:enabled="true"
108-->[com.google.android.gms:play-services-ads-lite:23.6.0] AndroidManifest.xml:89:13-35
109            android:exported="false" />
109-->[com.google.android.gms:play-services-ads-lite:23.6.0] AndroidManifest.xml:90:13-37
110
111        <activity
111-->[com.google.android.gms:play-services-ads-lite:23.6.0] AndroidManifest.xml:93:9-97:43
112            android:name="com.google.android.gms.ads.OutOfContextTestingActivity"
112-->[com.google.android.gms:play-services-ads-lite:23.6.0] AndroidManifest.xml:94:13-82
113            android:configChanges="keyboard|keyboardHidden|orientation|screenLayout|uiMode|screenSize|smallestScreenSize"
113-->[com.google.android.gms:play-services-ads-lite:23.6.0] AndroidManifest.xml:95:13-122
114            android:exported="false" />
114-->[com.google.android.gms:play-services-ads-lite:23.6.0] AndroidManifest.xml:96:13-37
115        <activity
115-->[com.google.android.gms:play-services-ads-lite:23.6.0] AndroidManifest.xml:98:9-105:43
116            android:name="com.google.android.gms.ads.NotificationHandlerActivity"
116-->[com.google.android.gms:play-services-ads-lite:23.6.0] AndroidManifest.xml:99:13-82
117            android:excludeFromRecents="true"
117-->[com.google.android.gms:play-services-ads-lite:23.6.0] AndroidManifest.xml:100:13-46
118            android:exported="false"
118-->[com.google.android.gms:play-services-ads-lite:23.6.0] AndroidManifest.xml:101:13-37
119            android:launchMode="singleTask"
119-->[com.google.android.gms:play-services-ads-lite:23.6.0] AndroidManifest.xml:102:13-44
120            android:taskAffinity=""
120-->[com.google.android.gms:play-services-ads-lite:23.6.0] AndroidManifest.xml:103:13-36
121            android:theme="@android:style/Theme.Translucent.NoTitleBar" />
121-->[com.google.android.gms:play-services-ads-lite:23.6.0] AndroidManifest.xml:104:13-72
122
123        <service
123-->[com.google.firebase:firebase-analytics-ktx:22.1.2] AndroidManifest.xml:8:9-14:19
124            android:name="com.google.firebase.components.ComponentDiscoveryService"
124-->[com.google.firebase:firebase-analytics-ktx:22.1.2] AndroidManifest.xml:9:13-84
125            android:directBootAware="true"
125-->[com.google.firebase:firebase-common:21.0.0] AndroidManifest.xml:32:13-43
126            android:exported="false" >
126-->[com.google.firebase:firebase-analytics-ktx:22.1.2] AndroidManifest.xml:10:13-37
127            <meta-data
127-->[com.google.firebase:firebase-analytics-ktx:22.1.2] AndroidManifest.xml:11:13-13:85
128                android:name="com.google.firebase.components:com.google.firebase.analytics.ktx.FirebaseAnalyticsLegacyRegistrar"
128-->[com.google.firebase:firebase-analytics-ktx:22.1.2] AndroidManifest.xml:12:17-129
129                android:value="com.google.firebase.components.ComponentRegistrar" />
129-->[com.google.firebase:firebase-analytics-ktx:22.1.2] AndroidManifest.xml:13:17-82
130            <meta-data
130-->[com.google.android.gms:play-services-measurement-api:22.1.2] AndroidManifest.xml:37:13-39:85
131                android:name="com.google.firebase.components:com.google.firebase.analytics.connector.internal.AnalyticsConnectorRegistrar"
131-->[com.google.android.gms:play-services-measurement-api:22.1.2] AndroidManifest.xml:38:17-139
132                android:value="com.google.firebase.components.ComponentRegistrar" />
132-->[com.google.android.gms:play-services-measurement-api:22.1.2] AndroidManifest.xml:39:17-82
133            <meta-data
133-->[com.google.firebase:firebase-installations:18.0.0] AndroidManifest.xml:15:13-17:85
134                android:name="com.google.firebase.components:com.google.firebase.installations.FirebaseInstallationsKtxRegistrar"
134-->[com.google.firebase:firebase-installations:18.0.0] AndroidManifest.xml:16:17-130
135                android:value="com.google.firebase.components.ComponentRegistrar" />
135-->[com.google.firebase:firebase-installations:18.0.0] AndroidManifest.xml:17:17-82
136            <meta-data
136-->[com.google.firebase:firebase-installations:18.0.0] AndroidManifest.xml:18:13-20:85
137                android:name="com.google.firebase.components:com.google.firebase.installations.FirebaseInstallationsRegistrar"
137-->[com.google.firebase:firebase-installations:18.0.0] AndroidManifest.xml:19:17-127
138                android:value="com.google.firebase.components.ComponentRegistrar" />
138-->[com.google.firebase:firebase-installations:18.0.0] AndroidManifest.xml:20:17-82
139            <meta-data
139-->[com.google.firebase:firebase-common-ktx:21.0.0] AndroidManifest.xml:12:13-14:85
140                android:name="com.google.firebase.components:com.google.firebase.ktx.FirebaseCommonLegacyRegistrar"
140-->[com.google.firebase:firebase-common-ktx:21.0.0] AndroidManifest.xml:13:17-116
141                android:value="com.google.firebase.components.ComponentRegistrar" />
141-->[com.google.firebase:firebase-common-ktx:21.0.0] AndroidManifest.xml:14:17-82
142            <meta-data
142-->[com.google.firebase:firebase-common:21.0.0] AndroidManifest.xml:35:13-37:85
143                android:name="com.google.firebase.components:com.google.firebase.FirebaseCommonKtxRegistrar"
143-->[com.google.firebase:firebase-common:21.0.0] AndroidManifest.xml:36:17-109
144                android:value="com.google.firebase.components.ComponentRegistrar" />
144-->[com.google.firebase:firebase-common:21.0.0] AndroidManifest.xml:37:17-82
145        </service>
146
147        <receiver
147-->[com.google.android.gms:play-services-measurement:22.1.2] AndroidManifest.xml:29:9-33:20
148            android:name="com.google.android.gms.measurement.AppMeasurementReceiver"
148-->[com.google.android.gms:play-services-measurement:22.1.2] AndroidManifest.xml:30:13-85
149            android:enabled="true"
149-->[com.google.android.gms:play-services-measurement:22.1.2] AndroidManifest.xml:31:13-35
150            android:exported="false" >
150-->[com.google.android.gms:play-services-measurement:22.1.2] AndroidManifest.xml:32:13-37
151        </receiver>
152
153        <service
153-->[com.google.android.gms:play-services-measurement:22.1.2] AndroidManifest.xml:35:9-38:40
154            android:name="com.google.android.gms.measurement.AppMeasurementService"
154-->[com.google.android.gms:play-services-measurement:22.1.2] AndroidManifest.xml:36:13-84
155            android:enabled="true"
155-->[com.google.android.gms:play-services-measurement:22.1.2] AndroidManifest.xml:37:13-35
156            android:exported="false" />
156-->[com.google.android.gms:play-services-measurement:22.1.2] AndroidManifest.xml:38:13-37
157        <service
157-->[com.google.android.gms:play-services-measurement:22.1.2] AndroidManifest.xml:39:9-43:72
158            android:name="com.google.android.gms.measurement.AppMeasurementJobService"
158-->[com.google.android.gms:play-services-measurement:22.1.2] AndroidManifest.xml:40:13-87
159            android:enabled="true"
159-->[com.google.android.gms:play-services-measurement:22.1.2] AndroidManifest.xml:41:13-35
160            android:exported="false"
160-->[com.google.android.gms:play-services-measurement:22.1.2] AndroidManifest.xml:42:13-37
161            android:permission="android.permission.BIND_JOB_SERVICE" />
161-->[com.google.android.gms:play-services-measurement:22.1.2] AndroidManifest.xml:43:13-69
162
163        <provider
163-->[com.google.firebase:firebase-common:21.0.0] AndroidManifest.xml:23:9-28:39
164            android:name="com.google.firebase.provider.FirebaseInitProvider"
164-->[com.google.firebase:firebase-common:21.0.0] AndroidManifest.xml:24:13-77
165            android:authorities="com.beforeafter.photomaker.firebaseinitprovider"
165-->[com.google.firebase:firebase-common:21.0.0] AndroidManifest.xml:25:13-72
166            android:directBootAware="true"
166-->[com.google.firebase:firebase-common:21.0.0] AndroidManifest.xml:26:13-43
167            android:exported="false"
167-->[com.google.firebase:firebase-common:21.0.0] AndroidManifest.xml:27:13-37
168            android:initOrder="100" />
168-->[com.google.firebase:firebase-common:21.0.0] AndroidManifest.xml:28:13-36
169
170        <activity
170-->[com.google.android.gms:play-services-base:18.5.0] AndroidManifest.xml:5:9-173
171            android:name="com.google.android.gms.common.api.GoogleApiActivity"
171-->[com.google.android.gms:play-services-base:18.5.0] AndroidManifest.xml:5:19-85
172            android:exported="false"
172-->[com.google.android.gms:play-services-base:18.5.0] AndroidManifest.xml:5:146-170
173            android:theme="@android:style/Theme.Translucent.NoTitleBar" />
173-->[com.google.android.gms:play-services-base:18.5.0] AndroidManifest.xml:5:86-145
174        <activity
174-->[androidx.compose.ui:ui-tooling-android:1.7.6] AndroidManifest.xml:23:9-25:39
175            android:name="androidx.compose.ui.tooling.PreviewActivity"
175-->[androidx.compose.ui:ui-tooling-android:1.7.6] AndroidManifest.xml:24:13-71
176            android:exported="true" />
176-->[androidx.compose.ui:ui-tooling-android:1.7.6] AndroidManifest.xml:25:13-36
177
178        <provider
178-->[androidx.work:work-runtime:2.7.0] AndroidManifest.xml:31:9-39:20
179            android:name="androidx.startup.InitializationProvider"
179-->[androidx.work:work-runtime:2.7.0] AndroidManifest.xml:32:13-67
180            android:authorities="com.beforeafter.photomaker.androidx-startup"
180-->[androidx.work:work-runtime:2.7.0] AndroidManifest.xml:33:13-68
181            android:exported="false" >
181-->[androidx.work:work-runtime:2.7.0] AndroidManifest.xml:34:13-37
182            <meta-data
182-->[androidx.work:work-runtime:2.7.0] AndroidManifest.xml:36:13-38:52
183                android:name="androidx.work.WorkManagerInitializer"
183-->[androidx.work:work-runtime:2.7.0] AndroidManifest.xml:37:17-68
184                android:value="androidx.startup" />
184-->[androidx.work:work-runtime:2.7.0] AndroidManifest.xml:38:17-49
185            <meta-data
185-->[androidx.emoji2:emoji2:1.3.0] AndroidManifest.xml:29:13-31:52
186                android:name="androidx.emoji2.text.EmojiCompatInitializer"
186-->[androidx.emoji2:emoji2:1.3.0] AndroidManifest.xml:30:17-75
187                android:value="androidx.startup" />
187-->[androidx.emoji2:emoji2:1.3.0] AndroidManifest.xml:31:17-49
188            <meta-data
188-->[androidx.lifecycle:lifecycle-process:2.8.7] AndroidManifest.xml:29:13-31:52
189                android:name="androidx.lifecycle.ProcessLifecycleInitializer"
189-->[androidx.lifecycle:lifecycle-process:2.8.7] AndroidManifest.xml:30:17-78
190                android:value="androidx.startup" />
190-->[androidx.lifecycle:lifecycle-process:2.8.7] AndroidManifest.xml:31:17-49
191            <meta-data
191-->[androidx.profileinstaller:profileinstaller:1.4.0] AndroidManifest.xml:29:13-31:52
192                android:name="androidx.profileinstaller.ProfileInstallerInitializer"
192-->[androidx.profileinstaller:profileinstaller:1.4.0] AndroidManifest.xml:30:17-85
193                android:value="androidx.startup" />
193-->[androidx.profileinstaller:profileinstaller:1.4.0] AndroidManifest.xml:31:17-49
194        </provider>
195
196        <service
196-->[androidx.work:work-runtime:2.7.0] AndroidManifest.xml:41:9-46:35
197            android:name="androidx.work.impl.background.systemalarm.SystemAlarmService"
197-->[androidx.work:work-runtime:2.7.0] AndroidManifest.xml:42:13-88
198            android:directBootAware="false"
198-->[androidx.work:work-runtime:2.7.0] AndroidManifest.xml:43:13-44
199            android:enabled="@bool/enable_system_alarm_service_default"
199-->[androidx.work:work-runtime:2.7.0] AndroidManifest.xml:44:13-72
200            android:exported="false" />
200-->[androidx.work:work-runtime:2.7.0] AndroidManifest.xml:45:13-37
201        <service
201-->[androidx.work:work-runtime:2.7.0] AndroidManifest.xml:47:9-53:35
202            android:name="androidx.work.impl.background.systemjob.SystemJobService"
202-->[androidx.work:work-runtime:2.7.0] AndroidManifest.xml:48:13-84
203            android:directBootAware="false"
203-->[androidx.work:work-runtime:2.7.0] AndroidManifest.xml:49:13-44
204            android:enabled="@bool/enable_system_job_service_default"
204-->[androidx.work:work-runtime:2.7.0] AndroidManifest.xml:50:13-70
205            android:exported="true"
205-->[androidx.work:work-runtime:2.7.0] AndroidManifest.xml:51:13-36
206            android:permission="android.permission.BIND_JOB_SERVICE" />
206-->[androidx.work:work-runtime:2.7.0] AndroidManifest.xml:52:13-69
207        <service
207-->[androidx.work:work-runtime:2.7.0] AndroidManifest.xml:54:9-59:35
208            android:name="androidx.work.impl.foreground.SystemForegroundService"
208-->[androidx.work:work-runtime:2.7.0] AndroidManifest.xml:55:13-81
209            android:directBootAware="false"
209-->[androidx.work:work-runtime:2.7.0] AndroidManifest.xml:56:13-44
210            android:enabled="@bool/enable_system_foreground_service_default"
210-->[androidx.work:work-runtime:2.7.0] AndroidManifest.xml:57:13-77
211            android:exported="false" />
211-->[androidx.work:work-runtime:2.7.0] AndroidManifest.xml:58:13-37
212
213        <receiver
213-->[androidx.work:work-runtime:2.7.0] AndroidManifest.xml:61:9-66:35
214            android:name="androidx.work.impl.utils.ForceStopRunnable$BroadcastReceiver"
214-->[androidx.work:work-runtime:2.7.0] AndroidManifest.xml:62:13-88
215            android:directBootAware="false"
215-->[androidx.work:work-runtime:2.7.0] AndroidManifest.xml:63:13-44
216            android:enabled="true"
216-->[androidx.work:work-runtime:2.7.0] AndroidManifest.xml:64:13-35
217            android:exported="false" />
217-->[androidx.work:work-runtime:2.7.0] AndroidManifest.xml:65:13-37
218        <receiver
218-->[androidx.work:work-runtime:2.7.0] AndroidManifest.xml:67:9-77:20
219            android:name="androidx.work.impl.background.systemalarm.ConstraintProxy$BatteryChargingProxy"
219-->[androidx.work:work-runtime:2.7.0] AndroidManifest.xml:68:13-106
220            android:directBootAware="false"
220-->[androidx.work:work-runtime:2.7.0] AndroidManifest.xml:69:13-44
221            android:enabled="false"
221-->[androidx.work:work-runtime:2.7.0] AndroidManifest.xml:70:13-36
222            android:exported="false" >
222-->[androidx.work:work-runtime:2.7.0] AndroidManifest.xml:71:13-37
223            <intent-filter>
223-->[androidx.work:work-runtime:2.7.0] AndroidManifest.xml:73:13-76:29
224                <action android:name="android.intent.action.ACTION_POWER_CONNECTED" />
224-->[androidx.work:work-runtime:2.7.0] AndroidManifest.xml:74:17-87
224-->[androidx.work:work-runtime:2.7.0] AndroidManifest.xml:74:25-84
225                <action android:name="android.intent.action.ACTION_POWER_DISCONNECTED" />
225-->[androidx.work:work-runtime:2.7.0] AndroidManifest.xml:75:17-90
225-->[androidx.work:work-runtime:2.7.0] AndroidManifest.xml:75:25-87
226            </intent-filter>
227        </receiver>
228        <receiver
228-->[androidx.work:work-runtime:2.7.0] AndroidManifest.xml:78:9-88:20
229            android:name="androidx.work.impl.background.systemalarm.ConstraintProxy$BatteryNotLowProxy"
229-->[androidx.work:work-runtime:2.7.0] AndroidManifest.xml:79:13-104
230            android:directBootAware="false"
230-->[androidx.work:work-runtime:2.7.0] AndroidManifest.xml:80:13-44
231            android:enabled="false"
231-->[androidx.work:work-runtime:2.7.0] AndroidManifest.xml:81:13-36
232            android:exported="false" >
232-->[androidx.work:work-runtime:2.7.0] AndroidManifest.xml:82:13-37
233            <intent-filter>
233-->[androidx.work:work-runtime:2.7.0] AndroidManifest.xml:84:13-87:29
234                <action android:name="android.intent.action.BATTERY_OKAY" />
234-->[androidx.work:work-runtime:2.7.0] AndroidManifest.xml:85:17-77
234-->[androidx.work:work-runtime:2.7.0] AndroidManifest.xml:85:25-74
235                <action android:name="android.intent.action.BATTERY_LOW" />
235-->[androidx.work:work-runtime:2.7.0] AndroidManifest.xml:86:17-76
235-->[androidx.work:work-runtime:2.7.0] AndroidManifest.xml:86:25-73
236            </intent-filter>
237        </receiver>
238        <receiver
238-->[androidx.work:work-runtime:2.7.0] AndroidManifest.xml:89:9-99:20
239            android:name="androidx.work.impl.background.systemalarm.ConstraintProxy$StorageNotLowProxy"
239-->[androidx.work:work-runtime:2.7.0] AndroidManifest.xml:90:13-104
240            android:directBootAware="false"
240-->[androidx.work:work-runtime:2.7.0] AndroidManifest.xml:91:13-44
241            android:enabled="false"
241-->[androidx.work:work-runtime:2.7.0] AndroidManifest.xml:92:13-36
242            android:exported="false" >
242-->[androidx.work:work-runtime:2.7.0] AndroidManifest.xml:93:13-37
243            <intent-filter>
243-->[androidx.work:work-runtime:2.7.0] AndroidManifest.xml:95:13-98:29
244                <action android:name="android.intent.action.DEVICE_STORAGE_LOW" />
244-->[androidx.work:work-runtime:2.7.0] AndroidManifest.xml:96:17-83
244-->[androidx.work:work-runtime:2.7.0] AndroidManifest.xml:96:25-80
245                <action android:name="android.intent.action.DEVICE_STORAGE_OK" />
245-->[androidx.work:work-runtime:2.7.0] AndroidManifest.xml:97:17-82
245-->[androidx.work:work-runtime:2.7.0] AndroidManifest.xml:97:25-79
246            </intent-filter>
247        </receiver>
248        <receiver
248-->[androidx.work:work-runtime:2.7.0] AndroidManifest.xml:100:9-109:20
249            android:name="androidx.work.impl.background.systemalarm.ConstraintProxy$NetworkStateProxy"
249-->[androidx.work:work-runtime:2.7.0] AndroidManifest.xml:101:13-103
250            android:directBootAware="false"
250-->[androidx.work:work-runtime:2.7.0] AndroidManifest.xml:102:13-44
251            android:enabled="false"
251-->[androidx.work:work-runtime:2.7.0] AndroidManifest.xml:103:13-36
252            android:exported="false" >
252-->[androidx.work:work-runtime:2.7.0] AndroidManifest.xml:104:13-37
253            <intent-filter>
253-->[androidx.work:work-runtime:2.7.0] AndroidManifest.xml:106:13-108:29
254                <action android:name="android.net.conn.CONNECTIVITY_CHANGE" />
254-->[androidx.work:work-runtime:2.7.0] AndroidManifest.xml:107:17-79
254-->[androidx.work:work-runtime:2.7.0] AndroidManifest.xml:107:25-76
255            </intent-filter>
256        </receiver>
257        <receiver
257-->[androidx.work:work-runtime:2.7.0] AndroidManifest.xml:110:9-121:20
258            android:name="androidx.work.impl.background.systemalarm.RescheduleReceiver"
258-->[androidx.work:work-runtime:2.7.0] AndroidManifest.xml:111:13-88
259            android:directBootAware="false"
259-->[androidx.work:work-runtime:2.7.0] AndroidManifest.xml:112:13-44
260            android:enabled="false"
260-->[androidx.work:work-runtime:2.7.0] AndroidManifest.xml:113:13-36
261            android:exported="false" >
261-->[androidx.work:work-runtime:2.7.0] AndroidManifest.xml:114:13-37
262            <intent-filter>
262-->[androidx.work:work-runtime:2.7.0] AndroidManifest.xml:116:13-120:29
263                <action android:name="android.intent.action.BOOT_COMPLETED" />
263-->[androidx.work:work-runtime:2.7.0] AndroidManifest.xml:117:17-79